<?xml version="1.0" encoding="UTF-8"?>
<!-- Generated by org.testng.reporters.JUnitReportReporter -->
<testsuite hostname="DESKTOP-DRRO17G" name="p1.ClassA" tests="3" failures="0" timestamp="21 Apr 2021 14:15:22 GMT" time="0.020" errors="0">
  <testcase name="tc001" time="0.015" classname="p1.ClassA"/>
  <testcase name="tc003" time="0.003" classname="p1.ClassA"/>
  <testcase name="tc002" time="0.002" classname="p1.ClassA"/>
</testsuite> <!-- p1.ClassA -->
